
FileVersion:        3

ResolutionOfTime:   msec

Experiment:         Simulation

BackgroundColor:    0 0 0
TextColor:          255 255 255
TimeCourseColor:    255 255 255
TimeCourseThick:    4
ReferenceFuncColor: 0 0 80
ReferenceFuncThick: 3

ParametricWeights:  0

NrOfConditions:     2

congruent
50
    6000     7500
   38000    39500
   56000    57500
   66000    67500
   74000    75500
   98000    99500
  102000   103500
  108000   109500
  112000   113500
  116000   117500
  118000   119500
  124000   125500
  126000   127500
  134000   135500
  136000   137500
  140000   141500
  150000   151500
  154000   155500
  156000   157500
  164000   165500
  168000   169500
  176000   177500
  196000   197500
  200000   201500
  204000   205500
  206000   207500
  208000   209500
  210000   211500
  218000   219500
  224000   225500
  232000   233500
  234000   235500
  244000   245500
  270000   271500
  274000   275500
  286000   287500
  292000   293500
  302000   303500
  304000   305500
  320000   321500
  322000   323500
  328000   329500
  332000   333500
  342000   343500
  350000   351500
  352000   353500
  354000   355500
  364000   365500
  384000   385500
  386000   387500
Color: 246 46 46

incongruent
50
   10000    11500
   16000    17500
   18000    19500
   22000    23500
   42000    43500
   58000    59500
   70000    71500
   72000    73500
   78000    79500
   80000    81500
   84000    85500
   90000    91500
  120000   121500
  130000   131500
  166000   167500
  174000   175500
  178000   179500
  180000   181500
  184000   185500
  186000   187500
  192000   193500
  212000   213500
  226000   227500
  228000   229500
  230000   231500
  238000   239500
  240000   241500
  250000   251500
  254000   255500
  272000   273500
  276000   277500
  278000   279500
  280000   281500
  284000   285500
  294000   295500
  300000   301500
  310000   311500
  312000   313500
  318000   319500
  326000   327500
  344000   345500
  348000   349500
  358000   359500
  362000   363500
  368000   369500
  370000   371500
  372000   373500
  378000   379500
  380000   381500
  382000   383500
Color: 27 249 249
